<?xml version="1.0" encoding="UTF-8"?>
<testng-results skipped="0" failed="0" ignored="0" total="1" passed="1">
  <reporter-output>
  </reporter-output>
  <suite name="Suite" duration-ms="14039" started-at="2020-09-09T14:07:31 EDT" finished-at="2020-09-09T14:07:45 EDT">
    <groups>
    </groups>
    <test name="Test" duration-ms="14039" started-at="2020-09-09T14:07:31 EDT" finished-at="2020-09-09T14:07:45 EDT">
      <class name="testingjenkins.jenkinsclass">
        <test-method status="PASS" signature="display()[pri:0, instance:testingjenkins.jenkinsclass@185d8b6]" name="display" duration-ms="13991" started-at="2020-09-09T14:07:31 EDT" finished-at="2020-09-09T14:07:45 EDT">
          <reporter-output>
          </reporter-output>
        </test-method> <!-- display -->
      </class> <!-- testingjenkins.jenkinsclass -->
    </test> <!-- Test -->
  </suite> <!-- Suite -->
</testng-results>
