<?xml version="1.0" encoding="UTF-8"?>
<testng-results skipped="0" failed="0" ignored="0" total="1" passed="1">
  <reporter-output>
  </reporter-output>
  <suite name="Default suite" duration-ms="13934" started-at="2020-09-04T15:55:06 EDT" finished-at="2020-09-04T15:55:20 EDT">
    <groups>
    </groups>
    <test name="Default test" duration-ms="13934" started-at="2020-09-04T15:55:06 EDT" finished-at="2020-09-04T15:55:20 EDT">
      <class name="testingjenkins.jenkinsclass">
        <test-method status="PASS" signature="display()[pri:0, instance:testingjenkins.jenkinsclass@185d8b6]" name="display" duration-ms="13889" started-at="2020-09-04T15:55:07 EDT" finished-at="2020-09-04T15:55:20 EDT">
          <reporter-output>
          </reporter-output>
        </test-method> <!-- display -->
      </class> <!-- testingjenkins.jenkinsclass -->
    </test> <!-- Default test -->
  </suite> <!-- Default suite -->
</testng-results>
